

Started GET "/" for 127.0.0.1 at 2011-10-21 16:31:22 +0200
  Processing by PagesController#index as HTML
Rendered pages/index.html.erb within layouts/application (29.3ms)
Compiled application.js  (3ms)  (pid 7817)
Completed 200 OK in 201ms (Views: 200.0ms | ActiveRecord: 0.0ms)


Started GET "/assets/application.css?body=1" for 127.0.0.1 at 2011-10-21 16:31:22 +0200
Served asset /application.css - 304 Not Modified (0ms)


Started GET "/assets/jquery.js?body=1" for 127.0.0.1 at 2011-10-21 16:31:22 +0200
Served asset /jquery.js - 304 Not Modified (45ms)


Started GET "/assets/application.js?body=1" for 127.0.0.1 at 2011-10-21 16:31:22 +0200
Served asset /application.js - 304 Not Modified (0ms)


Started GET "/assets/jquery_ujs.js?body=1" for 127.0.0.1 at 2011-10-21 16:31:23 +0200
Served asset /jquery_ujs.js - 304 Not Modified (8ms)


Started GET "/assets/body-bg.png" for 127.0.0.1 at 2011-10-21 16:31:23 +0200
Served asset /body-bg.png - 404 Not Found (1ms)

ActionController::RoutingError (No route matches [GET] "/assets/body-bg.png"):
  

Rendered /Users/werner/.rvm/gems/ruby-1.9.2-p290/gems/actionpack-3.1.1/lib/action_dispatch/middleware/templates/rescues/routing_error.erb within rescues/layout (0.6ms)


Started GET "/assets/country-balken.png" for 127.0.0.1 at 2011-10-21 16:31:23 +0200
Served asset /country-balken.png - 404 Not Found (2ms)

ActionController::RoutingError (No route matches [GET] "/assets/country-balken.png"):
  

Rendered /Users/werner/.rvm/gems/ruby-1.9.2-p290/gems/actionpack-3.1.1/lib/action_dispatch/middleware/templates/rescues/routing_error.erb within rescues/layout (0.5ms)


Started GET "/assets/wrapper-bg.png" for 127.0.0.1 at 2011-10-21 16:31:23 +0200
Served asset /wrapper-bg.png - 404 Not Found (2ms)

ActionController::RoutingError (No route matches [GET] "/assets/wrapper-bg.png"):
  

Rendered /Users/werner/.rvm/gems/ruby-1.9.2-p290/gems/actionpack-3.1.1/lib/action_dispatch/middleware/templates/rescues/routing_error.erb within rescues/layout (0.6ms)


Started GET "/" for 127.0.0.1 at 2011-10-21 16:31:25 +0200
  Processing by PagesController#index as HTML
Rendered pages/index.html.erb within layouts/application (0.2ms)
Completed 200 OK in 9ms (Views: 8.3ms | ActiveRecord: 0.0ms)


Started GET "/assets/application.css?body=1" for 127.0.0.1 at 2011-10-21 16:31:25 +0200
Served asset /application.css - 304 Not Modified (0ms)


Started GET "/assets/jquery_ujs.js?body=1" for 127.0.0.1 at 2011-10-21 16:31:25 +0200
Served asset /jquery_ujs.js - 304 Not Modified (0ms)


Started GET "/assets/application.js?body=1" for 127.0.0.1 at 2011-10-21 16:31:25 +0200
Served asset /application.js - 304 Not Modified (0ms)


Started GET "/assets/jquery.js?body=1" for 127.0.0.1 at 2011-10-21 16:31:25 +0200
Served asset /jquery.js - 304 Not Modified (0ms)


Started GET "/assets/body-bg.png" for 127.0.0.1 at 2011-10-21 16:31:25 +0200
Served asset /body-bg.png - 404 Not Found (1ms)

ActionController::RoutingError (No route matches [GET] "/assets/body-bg.png"):
  

Rendered /Users/werner/.rvm/gems/ruby-1.9.2-p290/gems/actionpack-3.1.1/lib/action_dispatch/middleware/templates/rescues/routing_error.erb within rescues/layout (0.5ms)


Started GET "/assets/country-balken.png" for 127.0.0.1 at 2011-10-21 16:31:25 +0200
Served asset /country-balken.png - 404 Not Found (2ms)

ActionController::RoutingError (No route matches [GET] "/assets/country-balken.png"):
  

Rendered /Users/werner/.rvm/gems/ruby-1.9.2-p290/gems/actionpack-3.1.1/lib/action_dispatch/middleware/templates/rescues/routing_error.erb within rescues/layout (0.5ms)


Started GET "/assets/wrapper-bg.png" for 127.0.0.1 at 2011-10-21 16:31:25 +0200
Served asset /wrapper-bg.png - 404 Not Found (1ms)

ActionController::RoutingError (No route matches [GET] "/assets/wrapper-bg.png"):
  

Rendered /Users/werner/.rvm/gems/ruby-1.9.2-p290/gems/actionpack-3.1.1/lib/action_dispatch/middleware/templates/rescues/routing_error.erb within rescues/layout (0.5ms)


Started GET "/aktuelles" for 127.0.0.1 at 2011-10-21 16:31:34 +0200
Creating scope :page. Overwriting existing method .page.
  Processing by AktuellesController#index as HTML
  [1m[36mAktuelle Load (0.3ms)[0m  [1mSELECT `aktuelles`.* FROM `aktuelles` [0m
  [1m[35mAktuelle::Translation Load (0.4ms)[0m  SELECT `aktuelle_translations`.* FROM `aktuelle_translations` WHERE `aktuelle_translations`.`aktuelle_id` = 1
  [1m[36mAktuelle::Translation Load (0.5ms)[0m  [1mSELECT `aktuelle_translations`.* FROM `aktuelle_translations` WHERE `aktuelle_translations`.`aktuelle_id` = 2[0m
Rendered aktuelles/index.html.erb within layouts/application (244.6ms)
Completed 200 OK in 256ms (Views: 247.1ms | ActiveRecord: 7.2ms)


Started GET "/assets/application.css?body=1" for 127.0.0.1 at 2011-10-21 16:31:34 +0200
Served asset /application.css - 304 Not Modified (0ms)


Started GET "/assets/jquery.js?body=1" for 127.0.0.1 at 2011-10-21 16:31:34 +0200
Served asset /jquery.js - 304 Not Modified (0ms)


Started GET "/assets/jquery_ujs.js?body=1" for 127.0.0.1 at 2011-10-21 16:31:34 +0200
Served asset /jquery_ujs.js - 304 Not Modified (0ms)


Started GET "/assets/application.js?body=1" for 127.0.0.1 at 2011-10-21 16:31:34 +0200
Served asset /application.js - 304 Not Modified (0ms)


Started GET "/assets/body-bg.png" for 127.0.0.1 at 2011-10-21 16:31:34 +0200
Served asset /body-bg.png - 404 Not Found (2ms)

ActionController::RoutingError (No route matches [GET] "/assets/body-bg.png"):
  

Rendered /Users/werner/.rvm/gems/ruby-1.9.2-p290/gems/actionpack-3.1.1/lib/action_dispatch/middleware/templates/rescues/routing_error.erb within rescues/layout (0.5ms)


Started GET "/assets/wrapper-bg.png" for 127.0.0.1 at 2011-10-21 16:31:34 +0200
Served asset /wrapper-bg.png - 404 Not Found (2ms)

ActionController::RoutingError (No route matches [GET] "/assets/wrapper-bg.png"):
  

Rendered /Users/werner/.rvm/gems/ruby-1.9.2-p290/gems/actionpack-3.1.1/lib/action_dispatch/middleware/templates/rescues/routing_error.erb within rescues/layout (0.5ms)


Started GET "/assets/country-balken.png" for 127.0.0.1 at 2011-10-21 16:31:34 +0200
Served asset /country-balken.png - 404 Not Found (2ms)

ActionController::RoutingError (No route matches [GET] "/assets/country-balken.png"):
  

Rendered /Users/werner/.rvm/gems/ruby-1.9.2-p290/gems/actionpack-3.1.1/lib/action_dispatch/middleware/templates/rescues/routing_error.erb within rescues/layout (0.5ms)


Started GET "/aktuelles/new" for 127.0.0.1 at 2011-10-21 16:31:39 +0200
Creating scope :page. Overwriting existing method .page.
  Processing by AktuellesController#new as HTML
  [1m[35mAktuelle::Translation Load (0.3ms)[0m  SELECT `aktuelle_translations`.* FROM `aktuelle_translations` WHERE `aktuelle_translations`.`aktuelle_id` IS NULL AND `aktuelle_translations`.`locale` = 'en' LIMIT 1
Rendered aktuelles/_form.html.erb (70.0ms)
Rendered aktuelles/new.html.erb within layouts/application (81.4ms)
Completed 200 OK in 89ms (Views: 83.7ms | ActiveRecord: 4.4ms)


Started GET "/assets/application.css?body=1" for 127.0.0.1 at 2011-10-21 16:31:39 +0200
Served asset /application.css - 304 Not Modified (0ms)


Started GET "/assets/jquery_ujs.js?body=1" for 127.0.0.1 at 2011-10-21 16:31:39 +0200
Served asset /jquery_ujs.js - 304 Not Modified (0ms)


Started GET "/assets/jquery.js?body=1" for 127.0.0.1 at 2011-10-21 16:31:39 +0200
Served asset /jquery.js - 304 Not Modified (0ms)


Started GET "/assets/application.js?body=1" for 127.0.0.1 at 2011-10-21 16:31:39 +0200
Served asset /application.js - 304 Not Modified (1ms)


Started GET "/aktuelles/images/favicon.ico" for 127.0.0.1 at 2011-10-21 16:31:39 +0200

ActionController::RoutingError (No route matches [GET] "/aktuelles/images/favicon.ico"):
  

Rendered /Users/werner/.rvm/gems/ruby-1.9.2-p290/gems/actionpack-3.1.1/lib/action_dispatch/middleware/templates/rescues/routing_error.erb within rescues/layout (0.7ms)


Started GET "/assets/body-bg.png" for 127.0.0.1 at 2011-10-21 16:31:39 +0200
Served asset /body-bg.png - 404 Not Found (2ms)

ActionController::RoutingError (No route matches [GET] "/assets/body-bg.png"):
  

Rendered /Users/werner/.rvm/gems/ruby-1.9.2-p290/gems/actionpack-3.1.1/lib/action_dispatch/middleware/templates/rescues/routing_error.erb within rescues/layout (0.5ms)


Started GET "/assets/wrapper-bg.png" for 127.0.0.1 at 2011-10-21 16:31:39 +0200
Served asset /wrapper-bg.png - 404 Not Found (2ms)

ActionController::RoutingError (No route matches [GET] "/assets/wrapper-bg.png"):
  

Rendered /Users/werner/.rvm/gems/ruby-1.9.2-p290/gems/actionpack-3.1.1/lib/action_dispatch/middleware/templates/rescues/routing_error.erb within rescues/layout (0.5ms)


Started GET "/assets/country-balken.png" for 127.0.0.1 at 2011-10-21 16:31:39 +0200
Served asset /country-balken.png - 404 Not Found (1ms)

ActionController::RoutingError (No route matches [GET] "/assets/country-balken.png"):
  

Rendered /Users/werner/.rvm/gems/ruby-1.9.2-p290/gems/actionpack-3.1.1/lib/action_dispatch/middleware/templates/rescues/routing_error.erb within rescues/layout (0.5ms)


Started GET "/aktuelles/images/favicon.ico" for 127.0.0.1 at 2011-10-21 16:31:39 +0200

ActionController::RoutingError (No route matches [GET] "/aktuelles/images/favicon.ico"):
  

Rendered /Users/werner/.rvm/gems/ruby-1.9.2-p290/gems/actionpack-3.1.1/lib/action_dispatch/middleware/templates/rescues/routing_error.erb within rescues/layout (0.6ms)


Started GET "/" for 127.0.0.1 at 2011-10-21 16:32:10 +0200
  Processing by PagesController#index as HTML
Rendered pages/index.html.erb within layouts/application (0.5ms)
Completed 200 OK in 8ms (Views: 8.0ms | ActiveRecord: 0.0ms)


Started GET "/assets/jquery.js?body=1" for 127.0.0.1 at 2011-10-21 16:32:10 +0200
Served asset /jquery.js - 304 Not Modified (0ms)


Started GET "/assets/application.js?body=1" for 127.0.0.1 at 2011-10-21 16:32:10 +0200
Served asset /application.js - 304 Not Modified (0ms)


Started GET "/assets/jquery_ujs.js?body=1" for 127.0.0.1 at 2011-10-21 16:32:10 +0200
Served asset /jquery_ujs.js - 304 Not Modified (0ms)


Started GET "/assets/application.css?body=1" for 127.0.0.1 at 2011-10-21 16:32:10 +0200
Served asset /application.css - 304 Not Modified (0ms)


Started GET "/assets/body-bg.png" for 127.0.0.1 at 2011-10-21 16:32:10 +0200
Served asset /body-bg.png - 404 Not Found (2ms)

ActionController::RoutingError (No route matches [GET] "/assets/body-bg.png"):
  

Rendered /Users/werner/.rvm/gems/ruby-1.9.2-p290/gems/actionpack-3.1.1/lib/action_dispatch/middleware/templates/rescues/routing_error.erb within rescues/layout (0.5ms)


Started GET "/assets/country-balken.png" for 127.0.0.1 at 2011-10-21 16:32:10 +0200
Served asset /country-balken.png - 404 Not Found (2ms)

ActionController::RoutingError (No route matches [GET] "/assets/country-balken.png"):
  

Rendered /Users/werner/.rvm/gems/ruby-1.9.2-p290/gems/actionpack-3.1.1/lib/action_dispatch/middleware/templates/rescues/routing_error.erb within rescues/layout (0.5ms)


Started GET "/assets/wrapper-bg.png" for 127.0.0.1 at 2011-10-21 16:32:10 +0200
Served asset /wrapper-bg.png - 404 Not Found (2ms)

ActionController::RoutingError (No route matches [GET] "/assets/wrapper-bg.png"):
  

Rendered /Users/werner/.rvm/gems/ruby-1.9.2-p290/gems/actionpack-3.1.1/lib/action_dispatch/middleware/templates/rescues/routing_error.erb within rescues/layout (0.5ms)


Started GET "/aktuelles" for 127.0.0.1 at 2011-10-21 16:32:16 +0200
Creating scope :page. Overwriting existing method .page.
  Processing by AktuellesController#index as HTML
  [1m[36mAktuelle Load (0.2ms)[0m  [1mSELECT `aktuelles`.* FROM `aktuelles` [0m
  [1m[35mAktuelle::Translation Load (0.4ms)[0m  SELECT `aktuelle_translations`.* FROM `aktuelle_translations` WHERE `aktuelle_translations`.`aktuelle_id` = 1
  [1m[36mAktuelle::Translation Load (0.4ms)[0m  [1mSELECT `aktuelle_translations`.* FROM `aktuelle_translations` WHERE `aktuelle_translations`.`aktuelle_id` = 2[0m
Rendered aktuelles/index.html.erb within layouts/application (19.2ms)
Completed 200 OK in 31ms (Views: 24.4ms | ActiveRecord: 4.9ms)


Started GET "/assets/application.css?body=1" for 127.0.0.1 at 2011-10-21 16:32:16 +0200
Served asset /application.css - 304 Not Modified (0ms)


Started GET "/assets/jquery.js?body=1" for 127.0.0.1 at 2011-10-21 16:32:16 +0200
Served asset /jquery.js - 304 Not Modified (0ms)


Started GET "/assets/application.js?body=1" for 127.0.0.1 at 2011-10-21 16:32:16 +0200
Served asset /application.js - 304 Not Modified (0ms)


Started GET "/assets/jquery_ujs.js?body=1" for 127.0.0.1 at 2011-10-21 16:32:16 +0200
Served asset /jquery_ujs.js - 304 Not Modified (0ms)


Started GET "/assets/body-bg.png" for 127.0.0.1 at 2011-10-21 16:32:16 +0200
Served asset /body-bg.png - 404 Not Found (1ms)

ActionController::RoutingError (No route matches [GET] "/assets/body-bg.png"):
  

Rendered /Users/werner/.rvm/gems/ruby-1.9.2-p290/gems/actionpack-3.1.1/lib/action_dispatch/middleware/templates/rescues/routing_error.erb within rescues/layout (0.5ms)


Started GET "/assets/wrapper-bg.png" for 127.0.0.1 at 2011-10-21 16:32:16 +0200
Served asset /wrapper-bg.png - 404 Not Found (2ms)

ActionController::RoutingError (No route matches [GET] "/assets/wrapper-bg.png"):
  

Rendered /Users/werner/.rvm/gems/ruby-1.9.2-p290/gems/actionpack-3.1.1/lib/action_dispatch/middleware/templates/rescues/routing_error.erb within rescues/layout (0.5ms)


Started GET "/assets/country-balken.png" for 127.0.0.1 at 2011-10-21 16:32:16 +0200
Served asset /country-balken.png - 404 Not Found (3ms)

ActionController::RoutingError (No route matches [GET] "/assets/country-balken.png"):
  

Rendered /Users/werner/.rvm/gems/ruby-1.9.2-p290/gems/actionpack-3.1.1/lib/action_dispatch/middleware/templates/rescues/routing_error.erb within rescues/layout (0.5ms)


Started GET "/aktuelles/new" for 127.0.0.1 at 2011-10-21 16:32:21 +0200
Creating scope :page. Overwriting existing method .page.
  Processing by AktuellesController#new as HTML
  [1m[35mAktuelle::Translation Load (0.2ms)[0m  SELECT `aktuelle_translations`.* FROM `aktuelle_translations` WHERE `aktuelle_translations`.`aktuelle_id` IS NULL AND `aktuelle_translations`.`locale` = 'en' LIMIT 1
Rendered aktuelles/_form.html.erb (25.1ms)
Rendered aktuelles/new.html.erb within layouts/application (26.7ms)
Completed 200 OK in 34ms (Views: 28.8ms | ActiveRecord: 5.0ms)


Started GET "/assets/application.css?body=1" for 127.0.0.1 at 2011-10-21 16:32:21 +0200
Served asset /application.css - 304 Not Modified (0ms)


Started GET "/assets/application.js?body=1" for 127.0.0.1 at 2011-10-21 16:32:21 +0200
Served asset /application.js - 304 Not Modified (0ms)


Started GET "/assets/jquery.js?body=1" for 127.0.0.1 at 2011-10-21 16:32:21 +0200
Served asset /jquery.js - 304 Not Modified (0ms)


Started GET "/assets/jquery_ujs.js?body=1" for 127.0.0.1 at 2011-10-21 16:32:21 +0200
Served asset /jquery_ujs.js - 304 Not Modified (0ms)


Started GET "/assets/body-bg.png" for 127.0.0.1 at 2011-10-21 16:32:21 +0200
Served asset /body-bg.png - 404 Not Found (1ms)

ActionController::RoutingError (No route matches [GET] "/assets/body-bg.png"):
  

Rendered /Users/werner/.rvm/gems/ruby-1.9.2-p290/gems/actionpack-3.1.1/lib/action_dispatch/middleware/templates/rescues/routing_error.erb within rescues/layout (0.5ms)


Started GET "/assets/wrapper-bg.png" for 127.0.0.1 at 2011-10-21 16:32:21 +0200
Served asset /wrapper-bg.png - 404 Not Found (2ms)

ActionController::RoutingError (No route matches [GET] "/assets/wrapper-bg.png"):
  

Rendered /Users/werner/.rvm/gems/ruby-1.9.2-p290/gems/actionpack-3.1.1/lib/action_dispatch/middleware/templates/rescues/routing_error.erb within rescues/layout (0.5ms)


Started GET "/assets/country-balken.png" for 127.0.0.1 at 2011-10-21 16:32:21 +0200
Served asset /country-balken.png - 404 Not Found (1ms)

ActionController::RoutingError (No route matches [GET] "/assets/country-balken.png"):
  

Rendered /Users/werner/.rvm/gems/ruby-1.9.2-p290/gems/actionpack-3.1.1/lib/action_dispatch/middleware/templates/rescues/routing_error.erb within rescues/layout (0.5ms)


Started GET "/aktuelles/new" for 127.0.0.1 at 2011-10-21 16:33:25 +0200
Creating scope :page. Overwriting existing method .page.
  Processing by AktuellesController#new as HTML
  [1m[36mAktuelle::Translation Load (0.3ms)[0m  [1mSELECT `aktuelle_translations`.* FROM `aktuelle_translations` WHERE `aktuelle_translations`.`aktuelle_id` IS NULL AND `aktuelle_translations`.`locale` = 'en' LIMIT 1[0m
Rendered aktuelles/_form.html.erb (25.3ms)
Rendered aktuelles/new.html.erb within layouts/application (26.4ms)
Completed 200 OK in 35ms (Views: 29.2ms | ActiveRecord: 5.0ms)


Started GET "/assets/jquery.js?body=1" for 127.0.0.1 at 2011-10-21 16:33:26 +0200
Served asset /jquery.js - 304 Not Modified (0ms)


Started GET "/assets/jquery_ujs.js?body=1" for 127.0.0.1 at 2011-10-21 16:33:26 +0200
Served asset /jquery_ujs.js - 304 Not Modified (0ms)


Started GET "/assets/application.js?body=1" for 127.0.0.1 at 2011-10-21 16:33:26 +0200
Served asset /application.js - 304 Not Modified (0ms)


Started GET "/assets/application.css?body=1" for 127.0.0.1 at 2011-10-21 16:33:26 +0200
Served asset /application.css - 304 Not Modified (0ms)


Started GET "/assets/wrapper-bg.png" for 127.0.0.1 at 2011-10-21 16:33:26 +0200
Served asset /wrapper-bg.png - 404 Not Found (2ms)

ActionController::RoutingError (No route matches [GET] "/assets/wrapper-bg.png"):
  

Rendered /Users/werner/.rvm/gems/ruby-1.9.2-p290/gems/actionpack-3.1.1/lib/action_dispatch/middleware/templates/rescues/routing_error.erb within rescues/layout (0.5ms)


Started GET "/assets/country-balken.png" for 127.0.0.1 at 2011-10-21 16:33:26 +0200
Served asset /country-balken.png - 404 Not Found (2ms)

ActionController::RoutingError (No route matches [GET] "/assets/country-balken.png"):
  

Rendered /Users/werner/.rvm/gems/ruby-1.9.2-p290/gems/actionpack-3.1.1/lib/action_dispatch/middleware/templates/rescues/routing_error.erb within rescues/layout (0.5ms)


Started GET "/assets/body-bg.png" for 127.0.0.1 at 2011-10-21 16:33:26 +0200
Served asset /body-bg.png - 404 Not Found (2ms)

ActionController::RoutingError (No route matches [GET] "/assets/body-bg.png"):
  

Rendered /Users/werner/.rvm/gems/ruby-1.9.2-p290/gems/actionpack-3.1.1/lib/action_dispatch/middleware/templates/rescues/routing_error.erb within rescues/layout (0.5ms)


Started GET "/" for 127.0.0.1 at 2011-10-21 16:35:38 +0200
  Processing by PagesController#index as HTML
Rendered pages/index.html.erb within layouts/application (19.8ms)
Completed 200 OK in 196ms (Views: 196.0ms | ActiveRecord: 0.0ms)


Started GET "/assets/jquery.js?body=1" for 127.0.0.1 at 2011-10-21 16:35:38 +0200
Served asset /jquery.js - 304 Not Modified (3ms)


Started GET "/assets/jquery_ujs.js?body=1" for 127.0.0.1 at 2011-10-21 16:35:38 +0200
Served asset /jquery_ujs.js - 304 Not Modified (2ms)


Started GET "/assets/application.js?body=1" for 127.0.0.1 at 2011-10-21 16:35:38 +0200
Served asset /application.js - 304 Not Modified (0ms)


Started GET "/assets/application.css?body=1" for 127.0.0.1 at 2011-10-21 16:35:38 +0200
Served asset /application.css - 304 Not Modified (0ms)


Started GET "/assets/body-bg.png" for 127.0.0.1 at 2011-10-21 16:35:38 +0200
Served asset /body-bg.png - 404 Not Found (2ms)

ActionController::RoutingError (No route matches [GET] "/assets/body-bg.png"):
  

Rendered /Users/werner/.rvm/gems/ruby-1.9.2-p290/gems/actionpack-3.1.1/lib/action_dispatch/middleware/templates/rescues/routing_error.erb within rescues/layout (0.8ms)


Started GET "/assets/wrapper-bg.png" for 127.0.0.1 at 2011-10-21 16:35:39 +0200
Served asset /wrapper-bg.png - 404 Not Found (2ms)

ActionController::RoutingError (No route matches [GET] "/assets/wrapper-bg.png"):
  

Rendered /Users/werner/.rvm/gems/ruby-1.9.2-p290/gems/actionpack-3.1.1/lib/action_dispatch/middleware/templates/rescues/routing_error.erb within rescues/layout (0.8ms)


Started GET "/assets/country-balken.png" for 127.0.0.1 at 2011-10-21 16:35:39 +0200
Served asset /country-balken.png - 404 Not Found (2ms)

ActionController::RoutingError (No route matches [GET] "/assets/country-balken.png"):
  

Rendered /Users/werner/.rvm/gems/ruby-1.9.2-p290/gems/actionpack-3.1.1/lib/action_dispatch/middleware/templates/rescues/routing_error.erb within rescues/layout (0.5ms)


Started GET "/aktuelles/new" for 127.0.0.1 at 2011-10-21 16:35:42 +0200
Creating scope :page. Overwriting existing method .page.
  Processing by AktuellesController#new as HTML
  [1m[36mAktuelle::Translation Load (0.4ms)[0m  [1mSELECT `aktuelle_translations`.* FROM `aktuelle_translations` WHERE `aktuelle_translations`.`aktuelle_id` IS NULL AND `aktuelle_translations`.`locale` = 'en' LIMIT 1[0m
Rendered aktuelles/_form.html.erb (171.2ms)
Rendered aktuelles/new.html.erb within layouts/application (182.1ms)
Completed 200 OK in 191ms (Views: 184.9ms | ActiveRecord: 5.8ms)


Started GET "/assets/application.css?body=1" for 127.0.0.1 at 2011-10-21 16:35:42 +0200
Served asset /application.css - 304 Not Modified (0ms)


Started GET "/assets/jquery.js?body=1" for 127.0.0.1 at 2011-10-21 16:35:42 +0200
Served asset /jquery.js - 304 Not Modified (0ms)


Started GET "/assets/jquery_ujs.js?body=1" for 127.0.0.1 at 2011-10-21 16:35:42 +0200
Served asset /jquery_ujs.js - 304 Not Modified (0ms)


Started GET "/assets/application.js?body=1" for 127.0.0.1 at 2011-10-21 16:35:42 +0200
Served asset /application.js - 304 Not Modified (0ms)


Started GET "/assets/country-balken.png" for 127.0.0.1 at 2011-10-21 16:35:42 +0200
Served asset /country-balken.png - 404 Not Found (2ms)

ActionController::RoutingError (No route matches [GET] "/assets/country-balken.png"):
  

Rendered /Users/werner/.rvm/gems/ruby-1.9.2-p290/gems/actionpack-3.1.1/lib/action_dispatch/middleware/templates/rescues/routing_error.erb within rescues/layout (0.5ms)


Started GET "/assets/body-bg.png" for 127.0.0.1 at 2011-10-21 16:35:42 +0200
Served asset /body-bg.png - 404 Not Found (2ms)

ActionController::RoutingError (No route matches [GET] "/assets/body-bg.png"):
  

Rendered /Users/werner/.rvm/gems/ruby-1.9.2-p290/gems/actionpack-3.1.1/lib/action_dispatch/middleware/templates/rescues/routing_error.erb within rescues/layout (0.5ms)


Started GET "/assets/wrapper-bg.png" for 127.0.0.1 at 2011-10-21 16:35:42 +0200
Served asset /wrapper-bg.png - 404 Not Found (2ms)

ActionController::RoutingError (No route matches [GET] "/assets/wrapper-bg.png"):
  

Rendered /Users/werner/.rvm/gems/ruby-1.9.2-p290/gems/actionpack-3.1.1/lib/action_dispatch/middleware/templates/rescues/routing_error.erb within rescues/layout (1.0ms)


Started POST "/aktuelles" for 127.0.0.1 at 2011-10-21 16:35:49 +0200
Creating scope :page. Overwriting existing method .page.
  Processing by AktuellesController#create as HTML
  Parameters: {"utf8"=>"✓", "authenticity_token"=>"VtInxgDYTOcpVK+HyEH/lDK1wK8/ghvMxNWGmLvv57M=", "commit"=>"Eintragen", "aktuelle"=>{"title"=>"", "text"=>"", "translations_attributes"=>{"1"=>{"id"=>"", "locale"=>"en", "title"=>"", "text"=>""}}}}
  [1m[35m (0.1ms)[0m  BEGIN
  [1m[36m (0.1ms)[0m  [1mROLLBACK[0m
  [1m[35mAktuelle::Translation Load (0.3ms)[0m  SELECT `aktuelle_translations`.* FROM `aktuelle_translations` WHERE `aktuelle_translations`.`aktuelle_id` IS NULL AND `aktuelle_translations`.`locale` = 'en' LIMIT 1
Rendered aktuelles/_form.html.erb (49.1ms)
Rendered aktuelles/new.html.erb within layouts/application (50.2ms)
Completed 200 OK in 76ms (Views: 56.9ms | ActiveRecord: 5.0ms)


Started GET "/assets/application.css?body=1" for 127.0.0.1 at 2011-10-21 16:35:49 +0200
Served asset /application.css - 304 Not Modified (0ms)


Started GET "/assets/jquery_ujs.js?body=1" for 127.0.0.1 at 2011-10-21 16:35:49 +0200
Served asset /jquery_ujs.js - 304 Not Modified (0ms)


Started GET "/assets/jquery.js?body=1" for 127.0.0.1 at 2011-10-21 16:35:49 +0200
Served asset /jquery.js - 304 Not Modified (0ms)


Started GET "/assets/application.js?body=1" for 127.0.0.1 at 2011-10-21 16:35:49 +0200
Served asset /application.js - 304 Not Modified (0ms)


Started GET "/assets/body-bg.png" for 127.0.0.1 at 2011-10-21 16:35:49 +0200
Served asset /body-bg.png - 404 Not Found (2ms)

ActionController::RoutingError (No route matches [GET] "/assets/body-bg.png"):
  

Rendered /Users/werner/.rvm/gems/ruby-1.9.2-p290/gems/actionpack-3.1.1/lib/action_dispatch/middleware/templates/rescues/routing_error.erb within rescues/layout (0.6ms)


Started GET "/assets/wrapper-bg.png" for 127.0.0.1 at 2011-10-21 16:35:49 +0200
Served asset /wrapper-bg.png - 404 Not Found (1ms)

ActionController::RoutingError (No route matches [GET] "/assets/wrapper-bg.png"):
  

Rendered /Users/werner/.rvm/gems/ruby-1.9.2-p290/gems/actionpack-3.1.1/lib/action_dispatch/middleware/templates/rescues/routing_error.erb within rescues/layout (0.5ms)


Started GET "/assets/country-balken.png" for 127.0.0.1 at 2011-10-21 16:35:49 +0200
Served asset /country-balken.png - 404 Not Found (2ms)

ActionController::RoutingError (No route matches [GET] "/assets/country-balken.png"):
  

Rendered /Users/werner/.rvm/gems/ruby-1.9.2-p290/gems/actionpack-3.1.1/lib/action_dispatch/middleware/templates/rescues/routing_error.erb within rescues/layout (0.5ms)


Started GET "/locales?=de" for 127.0.0.1 at 2011-10-21 16:37:37 +0200

ActionController::RoutingError (No route matches [GET] "/locales"):
  

Rendered /Users/werner/.rvm/gems/ruby-1.9.2-p290/gems/actionpack-3.1.1/lib/action_dispatch/middleware/templates/rescues/routing_error.erb within rescues/layout (0.5ms)


Started GET "/?locale=de" for 127.0.0.1 at 2011-10-21 16:38:11 +0200
  Processing by PagesController#index as HTML
  Parameters: {"locale"=>"de"}
Rendered pages/index.html.erb within layouts/application (0.2ms)
Completed 200 OK in 8ms (Views: 8.1ms | ActiveRecord: 0.0ms)


Started GET "/assets/application.css?body=1" for 127.0.0.1 at 2011-10-21 16:38:11 +0200
Served asset /application.css - 304 Not Modified (0ms)


Started GET "/assets/jquery.js?body=1" for 127.0.0.1 at 2011-10-21 16:38:11 +0200
Served asset /jquery.js - 304 Not Modified (0ms)


Started GET "/assets/jquery_ujs.js?body=1" for 127.0.0.1 at 2011-10-21 16:38:11 +0200
Served asset /jquery_ujs.js - 304 Not Modified (0ms)


Started GET "/assets/application.js?body=1" for 127.0.0.1 at 2011-10-21 16:38:11 +0200
Served asset /application.js - 304 Not Modified (0ms)


Started GET "/assets/body-bg.png" for 127.0.0.1 at 2011-10-21 16:38:12 +0200
Served asset /body-bg.png - 404 Not Found (2ms)

ActionController::RoutingError (No route matches [GET] "/assets/body-bg.png"):
  

Rendered /Users/werner/.rvm/gems/ruby-1.9.2-p290/gems/actionpack-3.1.1/lib/action_dispatch/middleware/templates/rescues/routing_error.erb within rescues/layout (0.5ms)


Started GET "/assets/wrapper-bg.png" for 127.0.0.1 at 2011-10-21 16:38:12 +0200
Served asset /wrapper-bg.png - 404 Not Found (1ms)

ActionController::RoutingError (No route matches [GET] "/assets/wrapper-bg.png"):
  

Rendered /Users/werner/.rvm/gems/ruby-1.9.2-p290/gems/actionpack-3.1.1/lib/action_dispatch/middleware/templates/rescues/routing_error.erb within rescues/layout (0.5ms)


Started GET "/assets/country-balken.png" for 127.0.0.1 at 2011-10-21 16:38:12 +0200
Served asset /country-balken.png - 404 Not Found (1ms)

ActionController::RoutingError (No route matches [GET] "/assets/country-balken.png"):
  

Rendered /Users/werner/.rvm/gems/ruby-1.9.2-p290/gems/actionpack-3.1.1/lib/action_dispatch/middleware/templates/rescues/routing_error.erb within rescues/layout (0.5ms)


Started GET "/aktuelles" for 127.0.0.1 at 2011-10-21 16:38:17 +0200
Creating scope :page. Overwriting existing method .page.
  Processing by AktuellesController#index as HTML
  [1m[36mAktuelle Load (0.2ms)[0m  [1mSELECT `aktuelles`.* FROM `aktuelles` [0m
  [1m[35mAktuelle::Translation Load (0.4ms)[0m  SELECT `aktuelle_translations`.* FROM `aktuelle_translations` WHERE `aktuelle_translations`.`aktuelle_id` = 1
  [1m[36mAktuelle::Translation Load (0.4ms)[0m  [1mSELECT `aktuelle_translations`.* FROM `aktuelle_translations` WHERE `aktuelle_translations`.`aktuelle_id` = 2[0m
Rendered aktuelles/index.html.erb within layouts/application (134.6ms)
Completed 200 OK in 146ms (Views: 139.6ms | ActiveRecord: 5.0ms)


Started GET "/assets/application.css?body=1" for 127.0.0.1 at 2011-10-21 16:38:18 +0200
Served asset /application.css - 304 Not Modified (0ms)


Started GET "/assets/jquery_ujs.js?body=1" for 127.0.0.1 at 2011-10-21 16:38:18 +0200
Served asset /jquery_ujs.js - 304 Not Modified (0ms)


Started GET "/assets/application.js?body=1" for 127.0.0.1 at 2011-10-21 16:38:18 +0200
Served asset /application.js - 304 Not Modified (0ms)


Started GET "/assets/jquery.js?body=1" for 127.0.0.1 at 2011-10-21 16:38:18 +0200
Served asset /jquery.js - 304 Not Modified (0ms)


Started GET "/assets/body-bg.png" for 127.0.0.1 at 2011-10-21 16:38:18 +0200
Served asset /body-bg.png - 404 Not Found (2ms)

ActionController::RoutingError (No route matches [GET] "/assets/body-bg.png"):
  

Rendered /Users/werner/.rvm/gems/ruby-1.9.2-p290/gems/actionpack-3.1.1/lib/action_dispatch/middleware/templates/rescues/routing_error.erb within rescues/layout (0.5ms)


Started GET "/assets/country-balken.png" for 127.0.0.1 at 2011-10-21 16:38:18 +0200
Served asset /country-balken.png - 404 Not Found (2ms)

ActionController::RoutingError (No route matches [GET] "/assets/country-balken.png"):
  

Rendered /Users/werner/.rvm/gems/ruby-1.9.2-p290/gems/actionpack-3.1.1/lib/action_dispatch/middleware/templates/rescues/routing_error.erb within rescues/layout (0.5ms)


Started GET "/assets/wrapper-bg.png" for 127.0.0.1 at 2011-10-21 16:38:18 +0200
Served asset /wrapper-bg.png - 404 Not Found (1ms)

ActionController::RoutingError (No route matches [GET] "/assets/wrapper-bg.png"):
  

Rendered /Users/werner/.rvm/gems/ruby-1.9.2-p290/gems/actionpack-3.1.1/lib/action_dispatch/middleware/templates/rescues/routing_error.erb within rescues/layout (0.6ms)


Started GET "/aktuelles/new" for 127.0.0.1 at 2011-10-21 16:38:19 +0200
Creating scope :page. Overwriting existing method .page.
  Processing by AktuellesController#new as HTML
  [1m[35mAktuelle::Translation Load (0.2ms)[0m  SELECT `aktuelle_translations`.* FROM `aktuelle_translations` WHERE `aktuelle_translations`.`aktuelle_id` IS NULL AND `aktuelle_translations`.`locale` = 'en' LIMIT 1
Rendered aktuelles/_form.html.erb (63.2ms)
Rendered aktuelles/new.html.erb within layouts/application (65.4ms)
Completed 200 OK in 73ms (Views: 68.0ms | ActiveRecord: 4.3ms)


Started GET "/assets/application.css?body=1" for 127.0.0.1 at 2011-10-21 16:38:20 +0200
Served asset /application.css - 304 Not Modified (0ms)


Started GET "/assets/jquery_ujs.js?body=1" for 127.0.0.1 at 2011-10-21 16:38:20 +0200
Served asset /jquery_ujs.js - 304 Not Modified (0ms)


Started GET "/assets/jquery.js?body=1" for 127.0.0.1 at 2011-10-21 16:38:20 +0200
Served asset /jquery.js - 304 Not Modified (0ms)


Started GET "/assets/application.js?body=1" for 127.0.0.1 at 2011-10-21 16:38:20 +0200
Served asset /application.js - 304 Not Modified (0ms)


Started GET "/assets/body-bg.png" for 127.0.0.1 at 2011-10-21 16:38:20 +0200
Served asset /body-bg.png - 404 Not Found (2ms)

ActionController::RoutingError (No route matches [GET] "/assets/body-bg.png"):
  

Rendered /Users/werner/.rvm/gems/ruby-1.9.2-p290/gems/actionpack-3.1.1/lib/action_dispatch/middleware/templates/rescues/routing_error.erb within rescues/layout (0.5ms)


Started GET "/assets/wrapper-bg.png" for 127.0.0.1 at 2011-10-21 16:38:20 +0200
Served asset /wrapper-bg.png - 404 Not Found (2ms)

ActionController::RoutingError (No route matches [GET] "/assets/wrapper-bg.png"):
  

Rendered /Users/werner/.rvm/gems/ruby-1.9.2-p290/gems/actionpack-3.1.1/lib/action_dispatch/middleware/templates/rescues/routing_error.erb within rescues/layout (0.5ms)


Started GET "/assets/country-balken.png" for 127.0.0.1 at 2011-10-21 16:38:20 +0200
Served asset /country-balken.png - 404 Not Found (2ms)

ActionController::RoutingError (No route matches [GET] "/assets/country-balken.png"):
  

Rendered /Users/werner/.rvm/gems/ruby-1.9.2-p290/gems/actionpack-3.1.1/lib/action_dispatch/middleware/templates/rescues/routing_error.erb within rescues/layout (0.5ms)


Started POST "/aktuelles" for 127.0.0.1 at 2011-10-21 16:38:21 +0200
Creating scope :page. Overwriting existing method .page.
  Processing by AktuellesController#create as HTML
  Parameters: {"utf8"=>"✓", "authenticity_token"=>"VtInxgDYTOcpVK+HyEH/lDK1wK8/ghvMxNWGmLvv57M=", "commit"=>"Eintragen", "aktuelle"=>{"title"=>"", "text"=>"", "translations_attributes"=>{"1"=>{"id"=>"", "locale"=>"en", "title"=>"", "text"=>""}}}}
  [1m[36m (0.1ms)[0m  [1mBEGIN[0m
  [1m[35m (0.1ms)[0m  ROLLBACK
  [1m[36mAktuelle::Translation Load (0.2ms)[0m  [1mSELECT `aktuelle_translations`.* FROM `aktuelle_translations` WHERE `aktuelle_translations`.`aktuelle_id` IS NULL AND `aktuelle_translations`.`locale` = 'en' LIMIT 1[0m
Rendered aktuelles/_form.html.erb (16.3ms)
Rendered aktuelles/new.html.erb within layouts/application (17.4ms)
Completed 200 OK in 81ms (Views: 23.8ms | ActiveRecord: 4.7ms)


Started GET "/assets/application.css?body=1" for 127.0.0.1 at 2011-10-21 16:38:21 +0200
Served asset /application.css - 304 Not Modified (0ms)


Started GET "/assets/application.js?body=1" for 127.0.0.1 at 2011-10-21 16:38:22 +0200
Served asset /application.js - 304 Not Modified (0ms)


Started GET "/assets/jquery.js?body=1" for 127.0.0.1 at 2011-10-21 16:38:22 +0200
Served asset /jquery.js - 304 Not Modified (0ms)


Started GET "/assets/jquery_ujs.js?body=1" for 127.0.0.1 at 2011-10-21 16:38:22 +0200
Served asset /jquery_ujs.js - 304 Not Modified (0ms)


Started GET "/assets/body-bg.png" for 127.0.0.1 at 2011-10-21 16:38:22 +0200
Served asset /body-bg.png - 404 Not Found (2ms)

ActionController::RoutingError (No route matches [GET] "/assets/body-bg.png"):
  

Rendered /Users/werner/.rvm/gems/ruby-1.9.2-p290/gems/actionpack-3.1.1/lib/action_dispatch/middleware/templates/rescues/routing_error.erb within rescues/layout (0.5ms)


Started GET "/assets/wrapper-bg.png" for 127.0.0.1 at 2011-10-21 16:38:22 +0200
Served asset /wrapper-bg.png - 404 Not Found (2ms)

ActionController::RoutingError (No route matches [GET] "/assets/wrapper-bg.png"):
  

Rendered /Users/werner/.rvm/gems/ruby-1.9.2-p290/gems/actionpack-3.1.1/lib/action_dispatch/middleware/templates/rescues/routing_error.erb within rescues/layout (0.5ms)


Started GET "/assets/country-balken.png" for 127.0.0.1 at 2011-10-21 16:38:22 +0200
Served asset /country-balken.png - 404 Not Found (2ms)

ActionController::RoutingError (No route matches [GET] "/assets/country-balken.png"):
  

Rendered /Users/werner/.rvm/gems/ruby-1.9.2-p290/gems/actionpack-3.1.1/lib/action_dispatch/middleware/templates/rescues/routing_error.erb within rescues/layout (0.5ms)
